<?xml version="1.0" encoding="UTF-8"?>
<testsuite xmlns:xsi="http://www.w3.org/2001/XMLSchema-instance" xsi:noNamespaceSchemaLocation="https://maven.apache.org/surefire/maven-surefire-plugin/xsd/surefire-test-report-3.0.xsd" version="3.0" name="com.ncs.Runner.TestRunner" time="54.735" tests="2" errors="2" skipped="0" failures="0">
  <properties>
[...]
</properties>
  <testcase name="Filter Price Range" classname="Kurti Module #1" time="40.225">
    <error message="The step &apos;the user clicks on the Kurti tab in the navigation bar&apos; and 1 other step(s) are undefined.&#10;You can implement these steps using the snippet(s) below:&#10;&#10;@When(&quot;the user clicks on the Kurti tab in the navigation bar&quot;)&#10;public void the_user_clicks_on_the_kurti_tab_in_the_navigation_bar() {&#10;    // Write code here that turns the phrase above into concrete actions&#10;    throw new io.cucumber.java.PendingException();&#10;}&#10;@Then(&quot;the user should see a filter option and set price range to view kurtis&quot;)&#10;public void the_user_should_see_a_filter_option_and_set_price_range_to_view_kurtis() {&#10;    // Write code here that turns the phrase above into concrete actions&#10;    throw new io.cucumber.java.PendingException();&#10;}&#10;" type="io.cucumber.junit.UndefinedStepException"><![CDATA[io.cucumber.junit.UndefinedStepException: 
The step 'the user clicks on the Kurti tab in the navigation bar' and 1 other step(s) are undefined.
You can implement these steps using the snippet(s) below:

@When("the user clicks on the Kurti tab in the navigation bar")
public void the_user_clicks_on_the_kurti_tab_in_the_navigation_bar() {
    // Write code here that turns the phrase above into concrete actions
    throw new io.cucumber.java.PendingException();
}
@Then("the user should see a filter option and set price range to view kurtis")
public void the_user_should_see_a_filter_option_and_set_price_range_to_view_kurtis() {
    // Write code here that turns the phrase above into concrete actions
    throw new io.cucumber.java.PendingException();
}

]]></error>
    <system-out><![CDATA[
Scenario: Filter Price Range                                                  # src/test/resources/features/FilterPrice.feature:3
  Given the user has chosen a browser and logged onto the website             # com.ncs.StepDefinitions.CommonSteps.logOnToWebsite()
  When the user clicks on the Kurti tab in the navigation bar
  Then the user should see a filter option and set price range to view kurtis
  And close the browser                                                       # com.ncs.StepDefinitions.CommonSteps.killBrowser()
]]></system-out>
    <system-err><![CDATA[[main] INFO io.github.bonigarcia.wdm.WebDriverManager - Using chromedriver 130.0.6723.116 (resolved driver for Chrome 130)
[main] INFO io.github.bonigarcia.wdm.WebDriverManager - Exporting webdriver.chrome.driver as C:\Users\P1365680\.cache\selenium\chromedriver\win64\130.0.6723.116\chromedriver.exe
Nov 12, 2024 7:33:57 PM org.openqa.selenium.remote.service.DriverService$Builder getLogOutput
INFO: Driver logs no longer sent to console by default; https://www.selenium.dev/documentation/webdriver/drivers/service/#setting-log-output
Nov 12, 2024 7:34:03 PM org.openqa.selenium.devtools.CdpVersionFinder findNearestMatch
WARNING: Unable to find an exact match for CDP version 130, so returning the closest version found: 129
]]></system-err>
  </testcase>
  <testcase name="View Kurti" classname="Kurti Module #2" time="14.078">
    <error message="The step &apos;the user clicks on the Kurti tab in the navigation bar&apos; is undefined.&#10;You can implement this step using the snippet(s) below:&#10;&#10;@When(&quot;the user clicks on the Kurti tab in the navigation bar&quot;)&#10;public void the_user_clicks_on_the_kurti_tab_in_the_navigation_bar() {&#10;    // Write code here that turns the phrase above into concrete actions&#10;    throw new io.cucumber.java.PendingException();&#10;}&#10;" type="io.cucumber.junit.UndefinedStepException"><![CDATA[io.cucumber.junit.UndefinedStepException: 
The step 'the user clicks on the Kurti tab in the navigation bar' is undefined.
You can implement this step using the snippet(s) below:

@When("the user clicks on the Kurti tab in the navigation bar")
public void the_user_clicks_on_the_kurti_tab_in_the_navigation_bar() {
    // Write code here that turns the phrase above into concrete actions
    throw new io.cucumber.java.PendingException();
}

]]></error>
    <system-out><![CDATA[
Scenario: View Kurti                                              # src/test/resources/features/ViewKurti.feature:3
  Given the user has chosen a browser and logged onto the website # com.ncs.StepDefinitions.CommonSteps.logOnToWebsite()
  When the user clicks on the Kurti tab in the navigation bar
  Then the user should see a display of all the Kurti options     # com.ncs.StepDefinitions.CommonSteps.verifyKurtiDisplay()
  And close the browser                                           # com.ncs.StepDefinitions.CommonSteps.killBrowser()
]]></system-out>
    <system-err><![CDATA[[main] INFO io.github.bonigarcia.wdm.WebDriverManager - Using chromedriver 130.0.6723.116 (resolved driver for Chrome 130)
[main] INFO io.github.bonigarcia.wdm.WebDriverManager - Exporting webdriver.chrome.driver as C:\Users\P1365680\.cache\selenium\chromedriver\win64\130.0.6723.116\chromedriver.exe
Nov 12, 2024 7:34:37 PM org.openqa.selenium.remote.service.DriverService$Builder getLogOutput
INFO: Driver logs no longer sent to console by default; https://www.selenium.dev/documentation/webdriver/drivers/service/#setting-log-output
Nov 12, 2024 7:34:41 PM org.openqa.selenium.devtools.CdpVersionFinder findNearestMatch
WARNING: Unable to find an exact match for CDP version 130, so returning the closest version found: 129
]]></system-err>
  </testcase>
</testsuite>